Arguments: 
  C:\Program Files\nodejs\node.exe C:\Users\Sgangula1\AppData\Roaming\npm\node_modules\yarn\bin\yarn.js add @cypress

PATH: 
  C:\dev\DATALAKE_UI_TOOLS\CYPRESS_POC\node_modules\.bin;C:\Program Files\Amazon Corretto\jdk1.8.0_252\bin;C:\Python38\Scripts\;C:\Python38\;C:\dev\oracle\product\12.1.0\dbhome_1\bin;C:\ProgramData\Oracle\Java\javapath;C:\WINDOWS\system32;C:\WINDOWS;C:\WINDOWS\System32\Wbem;C:\WINDOWS\System32\WindowsPowerShell\v1.0\;C:\WINDOWS\System32\OpenSSH\;C:\Program Files (x86)\Intel\Intel(R) Management Engine Components\DAL;C:\Program Files\Intel\Intel(R) Management Engine Components\DAL;C:\Program Files\Intel\WiFi\bin\;C:\Program Files\Common Files\Intel\WirelessCommon\;C:\Program Files (x86)\Microsoft SQL Server\130\Tools\Binn\;C:\Program Files\Microsoft SQL Server\130\Tools\Binn\;C:\Program Files\Microsoft SQL Server\Client SDK\ODBC\130\Tools\Binn\;C:\Program Files\Microsoft SQL Server\130\DTS\Binn\;C:\Program Files (x86)\Microsoft SQL Server\150\DTS\Binn\;C:\Softwares\apache-maven-3.6.1\bin;C:\Program Files\SlikSvn\bin;C:\Program Files\TortoiseSVN\bin;C:\Program Files\nodejs\;C:\ProgramData\chocolatey\bin;;C:\Android;C:\Windows\System32;C:\Users\Sgangula1\Anaconda3;C:\Users\Sgangula1\Anaconda3\Library\mingw-w64\bin;C:\Users\Sgangula1\Anaconda3\Library\usr\bin;C:\Users\Sgangula1\Anaconda3\Library\bin;C:\Users\Sgangula1\Anaconda3\Scripts;C:\Program Files\Java\jdk1.8.0_91\bin;C:\Users\Sgangula1\AppData\Local\Programs\Fiddler;C:\Users\Sgangula1\AppData\Local\Programs\Microsoft VS Code\bin;C:\Users\Sgangula1\AppData\Local\GitHubDesktop\bin;C:\dev\WebStorm 2019.3\bin;;C:\Users\Sgangula1\AppData\Roaming\npm;C:\Users\Sgangula1\AppData\Local\Microsoft\WindowsApps

Yarn version: 
  1.19.1

Node version: 
  13.9.0

Platform: 
  win32 x64

Trace: 
  Error: https://registry.npmjs.org/@cypress: Request "https://registry.npmjs.org/@cypress" returned a 405
      at Request.params.callback [as _callback] (C:\Users\Sgangula1\AppData\Roaming\npm\node_modules\yarn\lib\cli.js:66935:18)
      at Request.self.callback (C:\Users\Sgangula1\AppData\Roaming\npm\node_modules\yarn\lib\cli.js:140564:22)
      at Request.emit (events.js:321:20)
      at Request.<anonymous> (C:\Users\Sgangula1\AppData\Roaming\npm\node_modules\yarn\lib\cli.js:141536:10)
      at Request.emit (events.js:321:20)
      at IncomingMessage.<anonymous> (C:\Users\Sgangula1\AppData\Roaming\npm\node_modules\yarn\lib\cli.js:141458:12)
      at Object.onceWrapper (events.js:427:28)
      at IncomingMessage.emit (events.js:333:22)
      at endReadableNT (_stream_readable.js:1201:12)
      at processTicksAndRejections (internal/process/task_queues.js:84:21)

npm manifest: 
  {
    "name": "CYPRESS_POC",
    "version": "1.0.0",
    "description": "",
    "main": "index.js",
    "scripts": {
      "test": "echo \"Error: no test specified\" && exit 1"
    },
    "keywords": [],
    "author": "",
    "license": "ISC",
    "dependencies": {
      "@types/mocha": "^8.0.4",
      "cypress": "^6.0.0"
    }
  }

yarn manifest: 
  No manifest

Lockfile: 
  No lockfile
